<?xml version="1.0" encoding="UTF-8"?>
<!-- Generated by org.testng.reporters.JUnitReportReporter -->
<testsuite hostname="suba-pc" failures="0" tests="1" name="com.JuicyShop_NN.SearchPageTest" time="8.570" errors="0" timestamp="2023-05-26T15:54:01 EDT" skipped="0">
  <testcase classname="com.JuicyShop_NN.SearchPageTest" name="searchTest" time="8.570"/>
  <system-out/>
</testsuite> <!-- com.JuicyShop_NN.SearchPageTest -->
