<?xml version="1.0" encoding="UTF-8"?>
<!-- Generated by org.testng.reporters.JUnitReportReporter -->
<testsuite hostname="suba-pc" failures="0" tests="1" name="com.JuicyShop_NN.LandingPageTest" time="0.521" errors="0" timestamp="2023-05-25T18:17:05 EDT" skipped="0">
  <testcase classname="com.JuicyShop_NN.LandingPageTest" name="landingTest" time="0.521"/>
  <system-out/>
</testsuite> <!-- com.JuicyShop_NN.LandingPageTest -->
