<?xml version="1.0" encoding="UTF-8"?>
<!-- Generated by org.testng.reporters.JUnitReportReporter -->
<testsuite hostname="suba-pc" failures="0" tests="1" name="com.JuicyShop_NN.RegisterPageTest" time="7.662" errors="0" timestamp="2023-05-26T22:51:57 EDT" skipped="0">
  <testcase classname="com.JuicyShop_NN.RegisterPageTest" name="registerTest" time="7.662"/>
  <system-out/>
</testsuite> <!-- com.JuicyShop_NN.RegisterPageTest -->
