<?xml version="1.0" encoding="UTF-8"?>
<!-- Generated by org.testng.reporters.JUnitReportReporter -->
<testsuite hostname="suba-pc" failures="0" tests="1" name="com.JuicyShop_NN.BasketPageTest" time="11.585" errors="0" timestamp="2023-05-26T18:53:03 EDT" skipped="0">
  <testcase classname="com.JuicyShop_NN.BasketPageTest" name="chkOutFunction" time="11.585"/>
  <system-out/>
</testsuite> <!-- com.JuicyShop_NN.BasketPageTest -->
